<?xml version="1.0" encoding="utf-8"?><testsuites name="pytest tests"><testsuite name="pytest" errors="0" failures="0" skipped="0" tests="10" time="1.600" timestamp="2026-06-22T12:32:49.476989+00:00" hostname="agent-env-077efd7d-6947-4238-b6ab-81b7a4345f77"><testcase classname="backend.tests.test_captions_v24.TestEstimatorCaptionSurcharge" name="test_faceless_flux_static_captions_off_then_on" time="0.477" /><testcase classname="backend.tests.test_captions_v24.TestEstimatorCaptionSurcharge" name="test_avatar_captions_surcharge_delta_10c" time="0.268" /><testcase classname="backend.tests.test_captions_v24.TestServerConstants" name="test_constants_present" time="0.000" /><testcase classname="backend.tests.test_captions_v24.TestServerConstants" name="test_caption_style_presets_keys_complete" time="0.444" /><testcase classname="backend.tests.test_captions_v24.TestRenderDocPersistsCaptionFields" name="test_render_submit_persists_captions_and_style" time="0.212" /><testcase classname="backend.tests.test_captions_v24.TestBurnInCaptionsDirect" name="test_unknown_style_falls_back_to_boxed_preset" time="0.001" /><testcase classname="backend.tests.test_captions_v24.TestBurnInCaptionsDirect" name="test_no_fal_key_returns_none_without_calling_http" time="0.000" /><testcase classname="backend.tests.test_captions_v24.TestCaptionBlockBehavior" name="test_caption_success_replaces_url_and_charges_10c" time="0.001" /><testcase classname="backend.tests.test_captions_v24.TestCaptionBlockBehavior" name="test_caption_soft_fail_returns_uncaptioned_no_crash" time="0.001" /><testcase classname="backend.tests.test_captions_v24.TestCaptionBlockBehavior" name="test_captions_false_does_not_call_burn" time="0.001" /></testsuite></testsuites>