<?xml version="1.0" encoding="utf-8"?><testsuites name="pytest tests"><testsuite name="pytest" errors="0" failures="0" skipped="0" tests="10" time="1.489" timestamp="2026-06-21T11:35:44.194391+00:00" hostname="agent-env-077efd7d-6947-4238-b6ab-81b7a4345f77"><testcase classname="backend.tests.test_kling_i2v_v23.TestEstimator" name="test_estimate_flux_default_includes_kling_i2v" time="0.284" /><testcase classname="backend.tests.test_kling_i2v_v23.TestEstimator" name="test_estimate_flux_static_no_kling_cost" time="0.094" /><testcase classname="backend.tests.test_kling_i2v_v23.TestEstimator" name="test_estimate_kling_t2v_unchanged" time="0.094" /><testcase classname="backend.tests.test_kling_i2v_v23.TestEstimator" name="test_estimate_veo3_unchanged" time="0.098" /><testcase classname="backend.tests.test_kling_i2v_v23.TestServerConstants" name="test_kling_i2v_constants_and_model_id" time="0.001" /><testcase classname="backend.tests.test_kling_i2v_v23.TestServerConstants" name="test_normalize_scene_branches_on_engine" time="0.000" /><testcase classname="backend.tests.test_kling_i2v_v23.TestRenderQueueSubmission" name="test_submit_flux_render_does_not_crash" time="0.225" /><testcase classname="backend.tests.test_kling_i2v_v23.TestRenderQueueSubmission" name="test_submit_flux_static_render_does_not_crash" time="0.187" /><testcase classname="backend.tests.test_kling_i2v_v23.TestKlingI2VCacheWrite" name="test_make_i2v_clip_writes_cache_on_success" time="0.421" /><testcase classname="backend.tests.test_kling_i2v_v23.TestKlingI2VCacheWrite" name="test_make_i2v_clip_cache_hit_skips_fal_call" time="0.002" /></testsuite></testsuites>