<?xml version="1.0" encoding="utf-8"?><testsuites name="pytest tests"><testsuite name="pytest" errors="0" failures="0" skipped="0" tests="14" time="1.769" timestamp="2026-06-23T01:38:12.906732+00:00" hostname="agent-env-077efd7d-6947-4238-b6ab-81b7a4345f77"><testcase classname="backend.tests.test_iter25_charity_bugs" name="test_voices_returns_2329" time="0.403" /><testcase classname="backend.tests.test_iter25_charity_bugs" name="test_avatars_returns_1281_with_aspect_breakdown" time="0.166" /><testcase classname="backend.tests.test_iter25_charity_bugs" name="test_heygen_polling_max_ticks_300_and_error_string" time="0.001" /><testcase classname="backend.tests.test_iter25_charity_bugs" name="test_kokoro_httpx_timeout_constants_in_source" time="0.000" /><testcase classname="backend.tests.test_iter25_charity_bugs" name="test_run_tts_retries_twice_then_succeeds_on_third_attempt" time="0.039" /><testcase classname="backend.tests.test_iter25_charity_bugs" name="test_render_request_persists_caption_position" time="0.252" /><testcase classname="backend.tests.test_iter25_charity_bugs" name="test_burn_in_captions_position_top_payload" time="0.477" /><testcase classname="backend.tests.test_iter25_charity_bugs" name="test_ai_previews_endpoint_cache_behavior" time="0.107" /><testcase classname="backend.tests.test_iter25_charity_bugs" name="test_ai_previews_endpoint_validates_aspect" time="0.122" /><testcase classname="backend.tests.test_iter25_charity_bugs" name="test_ai_previews_endpoint_empty_prompts" time="0.100" /><testcase classname="backend.tests.test_iter25_charity_bugs" name="test_gen_image_flux_payload_hardened_constants" time="0.001" /><testcase classname="backend.tests.test_iter25_charity_bugs" name="test_ai_previews_flux_payload_hardened_constants" time="0.001" /><testcase classname="backend.tests.test_iter25_charity_bugs" name="test_caption_position_overrides_constant_shape" time="0.000" /><testcase classname="backend.tests.test_iter25_charity_bugs" name="test_burn_in_captions_signature_has_position_key" time="0.000" /></testsuite></testsuites>