<?xml version="1.0" encoding="utf-8"?><testsuites name="pytest tests"><testsuite name="pytest" errors="0" failures="0" skipped="0" tests="15" time="1.437" timestamp="2026-06-30T00:33:13.763097+00:00" hostname="agent-env-077efd7d-6947-4238-b6ab-81b7a4345f77"><testcase classname="backend.tests.test_iter31_group_b_c.TestQuotaEndpoint" name="test_quota_owner_unlimited" time="0.192" /><testcase classname="backend.tests.test_iter31_group_b_c.TestQuotaEndpoint" name="test_quota_grant_unlimited" time="0.093" /><testcase classname="backend.tests.test_iter31_group_b_c.TestQuotaEndpoint" name="test_quota_no_token_401" time="0.102" /><testcase classname="backend.tests.test_iter31_group_b_c.TestQuotaEndpoint" name="test_quota_non_founder_buyer_fields" time="0.115" /><testcase classname="backend.tests.test_iter31_group_b_c.TestActivityLog" name="test_activity_allowed_types[script_copied]" time="0.050" /><testcase classname="backend.tests.test_iter31_group_b_c.TestActivityLog" name="test_activity_allowed_types[script_sent_to_studio]" time="0.056" /><testcase classname="backend.tests.test_iter31_group_b_c.TestActivityLog" name="test_activity_allowed_types[video_played]" time="0.049" /><testcase classname="backend.tests.test_iter31_group_b_c.TestActivityLog" name="test_activity_allowed_types[script_opened_from_history]" time="0.046" /><testcase classname="backend.tests.test_iter31_group_b_c.TestActivityLog" name="test_activity_disallowed_type" time="0.046" /><testcase classname="backend.tests.test_iter31_group_b_c.TestActivityLog" name="test_activity_no_token_401" time="0.164" /><testcase classname="backend.tests.test_iter31_group_b_c.TestBothAspectsQuotaRefund" name="test_quota_gate_refunds_on_mid_batch_failure" time="0.109" /><testcase classname="backend.tests.test_iter31_group_b_c.TestCsvExports" name="test_buyers_export_admin" time="0.064" /><testcase classname="backend.tests.test_iter31_group_b_c.TestCsvExports" name="test_usage_export_admin" time="0.113" /><testcase classname="backend.tests.test_iter31_group_b_c.TestCsvExports" name="test_buyers_export_non_admin_403" time="0.049" /><testcase classname="backend.tests.test_iter31_group_b_c.TestCsvExports" name="test_usage_export_non_admin_403" time="0.047" /></testsuite></testsuites>