<?xml version="1.0" encoding="utf-8"?><testsuites name="pytest tests"><testsuite name="pytest" errors="0" failures="0" skipped="0" tests="17" time="16.964" timestamp="2026-06-30T00:59:36.992665+00:00" hostname="agent-env-077efd7d-6947-4238-b6ab-81b7a4345f77"><testcase classname="backend.tests.test_iter32_thumbnail_engine.TestAuthGating" name="test_list_requires_jwt" time="0.183" /><testcase classname="backend.tests.test_iter32_thumbnail_engine.TestAuthGating" name="test_generate_requires_jwt" time="0.064" /><testcase classname="backend.tests.test_iter32_thumbnail_engine.TestAuthGating" name="test_rewrite_requires_jwt" time="0.046" /><testcase classname="backend.tests.test_iter32_thumbnail_engine.TestAuthGating" name="test_delete_requires_jwt" time="0.081" /><testcase classname="backend.tests.test_iter32_thumbnail_engine.TestAuthGating" name="test_file_streamer_is_no_auth" time="0.043" /><testcase classname="backend.tests.test_iter32_thumbnail_engine.TestQuotaEndpointThumbnailFields" name="test_owner_unlimited_no_thumb_fields" time="0.090" /><testcase classname="backend.tests.test_iter32_thumbnail_engine.TestQuotaEndpointThumbnailFields" name="test_t1_buyer_has_thumb_fields" time="0.098" /><testcase classname="backend.tests.test_iter32_thumbnail_engine.TestRewriter" name="test_rewrite_prompt" time="7.980" /><testcase classname="backend.tests.test_iter32_thumbnail_engine.TestQuotaGate" name="test_premium_locked_for_t1" time="0.120" /><testcase classname="backend.tests.test_iter32_thumbnail_engine.TestQuotaGate" name="test_quota_exhausted_returns_402" time="0.093" /><testcase classname="backend.tests.test_iter32_thumbnail_engine.TestRefundOnFailure" name="test_refund_decrements_counter" time="0.270" /><testcase classname="backend.tests.test_iter32_thumbnail_engine.TestRefundOnFailure" name="test_refund_skips_dev_bypass" time="0.001" /><testcase classname="backend.tests.test_iter32_thumbnail_engine.TestE2EFastGeneration" name="test_generate_returns_200" time="7.015" /><testcase classname="backend.tests.test_iter32_thumbnail_engine.TestE2EFastGeneration" name="test_file_streamer_returns_png" time="0.523" /><testcase classname="backend.tests.test_iter32_thumbnail_engine.TestE2EFastGeneration" name="test_list_includes_generated" time="0.050" /><testcase classname="backend.tests.test_iter32_thumbnail_engine.TestE2EFastGeneration" name="test_delete_removes_from_list" time="0.104" /><testcase classname="backend.tests.test_iter32_thumbnail_engine.TestE2EFastGeneration" name="test_delete_nonexistent_returns_404" time="0.047" /></testsuite></testsuites>