<?xml version="1.0" encoding="utf-8"?><testsuites name="pytest tests"><testsuite name="pytest" errors="0" failures="1" skipped="0" tests="16" time="1.736" timestamp="2026-06-30T11:21:14.668379+00:00" hostname="agent-env-077efd7d-6947-4238-b6ab-81b7a4345f77"><testcase classname="backend.tests.test_iter36_byok_anthropic_and_lightbox.TestMeQuotaRegression" name="test_owner_quota_has_byok_allowed_true" time="0.287" /><testcase classname="backend.tests.test_iter36_byok_anthropic_and_lightbox.TestByokAnthropicServiceList" name="test_list_has_four_services_with_anthropic" time="0.103" /><testcase classname="backend.tests.test_iter36_byok_anthropic_and_lightbox.TestByokAnthropicCRUD" name="test_save_get_delete_anthropic_key" time="0.385" /><testcase classname="backend.tests.test_iter36_byok_anthropic_and_lightbox.TestByokAnthropicCRUD" name="test_short_anthropic_key_rejected" time="0.097" /><testcase classname="backend.tests.test_iter36_byok_anthropic_and_lightbox.TestByokAnthropicWiringStatic" name="test_claude_complete_has_user_email_and_byok" time="0.001" /><testcase classname="backend.tests.test_iter36_byok_anthropic_and_lightbox.TestByokAnthropicWiringStatic" name="test_callers_pass_user_email" time="0.000" /><testcase classname="backend.tests.test_iter36_byok_anthropic_and_lightbox.TestByokAnthropicWiringStatic" name="test_run_script_job_has_user_email_and_byok" time="0.001" /><testcase classname="backend.tests.test_iter36_byok_anthropic_and_lightbox.TestByokAnthropicWiringStatic" name="test_thumbnails_rewrite_prompt_byok_branch" time="0.000" /><testcase classname="backend.tests.test_iter36_byok_anthropic_and_lightbox.TestByokAnthropicWiringStatic" name="test_thumbnails_concepts_from_script_byok_branch" time="0.000" /><testcase classname="backend.tests.test_iter36_byok_anthropic_and_lightbox.TestByokAnthropicWiringStatic" name="test_byok_services_dict" time="0.001" /><testcase classname="backend.tests.test_iter36_admin_thumbnails.TestAdminUsageThumbnails" name="test_usage_has_thumbnails_block" time="0.214" /><testcase classname="backend.tests.test_iter36_admin_thumbnails.TestAdminUsageThumbnails" name="test_owner_row_thumbnail_counts" time="0.097" /><testcase classname="backend.tests.test_iter36_admin_thumbnails.TestAdminStatsThumbnails" name="test_stats_has_total_thumbnails" time="0.099" /><testcase classname="backend.tests.test_iter36_admin_thumbnails.TestAdminUsageSortByThumbnails" name="test_sort_by_thumbnails_total_desc" time="0.097"><failure message="AssertionError: BACKEND BUG: sort_by=thumbnails_total rejected by regex validator. Fix admin_routes.py:713 regex to include 'thumbnails_total'. Got: 422 {&quot;detail&quot;:[{&quot;type&quot;:&quot;string_pattern_mismatch&quot;,&quot;loc&quot;:[&quot;query&quot;,&quot;sort_by&quot;],&quot;msg&quot;:&quot;String should match pattern '^(last_seen|email|scripts_total|renders_total|spend_cents|added_at)$'&quot;,&quot;input&quot;:&quot;thumbnails_total&quot;,&quot;ctx&quot;:{&quot;pattern&quot;:&quot;^(last_seen|email|scripts_total|renders_total|spend_cents|added_at)$&quot;}}]}&#10;assert 422 == 200&#10; +  where 422 = &lt;Response [422]&gt;.status_code">backend/tests/test_iter36_admin_thumbnails.py:95: in test_sort_by_thumbnails_total_desc
    assert r.status_code == 200, (
E   AssertionError: BACKEND BUG: sort_by=thumbnails_total rejected by regex validator. Fix admin_routes.py:713 regex to include 'thumbnails_total'. Got: 422 {"detail":[{"type":"string_pattern_mismatch","loc":["query","sort_by"],"msg":"String should match pattern '^(last_seen|email|scripts_total|renders_total|spend_cents|added_at)$'","input":"thumbnails_total","ctx":{"pattern":"^(last_seen|email|scripts_total|renders_total|spend_cents|added_at)$"}}]}
E   assert 422 == 200
E    +  where 422 = &lt;Response [422]&gt;.status_code</failure></testcase><testcase classname="backend.tests.test_iter36_admin_thumbnails.TestAdminUsageCsvExport" name="test_csv_has_thumbnail_columns_between_renders_and_spend" time="0.097" /><testcase classname="backend.tests.test_iter36_admin_thumbnails.TestAdminUsageCsvExport" name="test_owner_csv_row_has_thumb_counts" time="0.103" /></testsuite></testsuites>