<?xml version="1.0" encoding="utf-8"?><testsuites name="pytest tests"><testsuite name="pytest" errors="0" failures="0" skipped="0" tests="73" time="4.728" timestamp="2026-08-15T15:15:44.154378+00:00" hostname="agent-env-3a6dd294-d333-4a1f-adfd-924dab96024c"><testcase classname="backend.tests.test_kie_provider" name="test_build_payload_text_to_video" time="0.001" /><testcase classname="backend.tests.test_kie_provider" name="test_build_payload_first_frame_uses_correct_field_name" time="0.000" /><testcase classname="backend.tests.test_kie_provider" name="test_build_payload_first_and_last_frame" time="0.000" /><testcase classname="backend.tests.test_kie_provider" name="test_build_payload_multimodal_reference" time="0.000" /><testcase classname="backend.tests.test_kie_provider" name="test_rejects_1080p_resolution" time="0.000" /><testcase classname="backend.tests.test_kie_provider" name="test_rejects_out_of_range_duration" time="0.000" /><testcase classname="backend.tests.test_kie_provider" name="test_rejects_last_frame_alone" time="0.000" /><testcase classname="backend.tests.test_kie_provider" name="test_rejects_first_frame_plus_references" time="0.000" /><testcase classname="backend.tests.test_kie_provider" name="test_seedance_pricing_720p_no_video_input" time="0.000" /><testcase classname="backend.tests.test_kie_provider" name="test_seedance_pricing_480p_no_video_input" time="0.000" /><testcase classname="backend.tests.test_kie_provider" name="test_seedance_three_call_test_total_matches_customer_math" time="0.000" /><testcase classname="backend.tests.test_kie_provider" name="test_pricing_env_override_wins" time="0.000" /><testcase classname="backend.tests.test_kie_provider" name="test_provider_unavailable_without_key" time="0.000" /><testcase classname="backend.tests.test_kie_provider" name="test_provider_unavailable_when_model_not_enabled" time="0.000" /><testcase classname="backend.tests.test_kie_provider" name="test_unknown_model_slug_returns_none" time="0.000" /><testcase classname="backend.tests.test_kie_provider" name="test_generate_success_via_polling" time="4.027" /><testcase classname="backend.tests.test_kie_provider" name="test_generate_maps_fail_state" time="0.021" /><testcase classname="backend.tests.test_kie_provider" name="test_generate_maps_402_insufficient_credits" time="0.020" /><testcase classname="backend.tests.test_kie_provider" name="test_generate_maps_429_rate_limit" time="0.020" /><testcase classname="backend.tests.test_kie_provider" name="test_generate_never_logs_api_key" time="0.020" /><testcase classname="backend.tests.test_provider_registry" name="test_available_providers_hides_kie_when_no_key" time="0.000" /><testcase classname="backend.tests.test_provider_registry" name="test_available_providers_hides_kie_when_no_models_enabled" time="0.000" /><testcase classname="backend.tests.test_provider_registry" name="test_available_providers_includes_kie_when_configured" time="0.000" /><testcase classname="backend.tests.test_provider_registry" name="test_get_provider_kie_returns_none_when_unavailable" time="0.000" /><testcase classname="backend.tests.test_provider_registry" name="test_auto_prefers_kie_when_available" time="0.000" /><testcase classname="backend.tests.test_provider_registry" name="test_auto_returns_none_for_unsupported_mode_when_kie_disabled" time="0.000" /><testcase classname="backend.tests.test_provider_registry" name="test_default_provider_name_from_env" time="0.000" /><testcase classname="backend.tests.test_cost_estimator" name="test_estimate_local_ken_burns_is_free" time="0.000" /><testcase classname="backend.tests.test_cost_estimator" name="test_estimate_local_video_is_free" time="0.000" /><testcase classname="backend.tests.test_cost_estimator" name="test_video_input_forces_local_regardless_of_hint" time="0.000" /><testcase classname="backend.tests.test_cost_estimator" name="test_seedance_720p_no_video_input_matches_rate_card" time="0.000" /><testcase classname="backend.tests.test_cost_estimator" name="test_seedance_480p_no_video_input_matches_rate_card" time="0.000" /><testcase classname="backend.tests.test_cost_estimator" name="test_estimate_render_flags_over_ai_limit" time="0.000" /><testcase classname="backend.tests.test_cost_estimator" name="test_estimate_render_flags_over_cap" time="0.000" /><testcase classname="backend.tests.test_cost_estimator" name="test_estimate_mixed_local_and_ai_only_counts_ai" time="0.000" /><testcase classname="backend.tests.test_cost_estimator" name="test_estimate_returns_ok_when_within_limits" time="0.000" /><testcase classname="backend.tests.test_cost_estimator" name="test_three_call_paid_test_math" time="0.000" /><testcase classname="backend.tests.test_kie_callback" name="test_verify_signature_success" time="0.000" /><testcase classname="backend.tests.test_kie_callback" name="test_verify_signature_rejects_wrong_key" time="0.000" /><testcase classname="backend.tests.test_kie_callback" name="test_verify_signature_rejects_missing_inputs" time="0.000" /><testcase classname="backend.tests.test_kie_callback" name="test_webhook_rejects_missing_headers" time="0.004" /><testcase classname="backend.tests.test_kie_callback" name="test_webhook_rejects_stale_timestamp" time="0.003" /><testcase classname="backend.tests.test_kie_callback" name="test_webhook_rejects_bad_signature" time="0.004" /><testcase classname="backend.tests.test_kie_callback" name="test_webhook_rejects_missing_data_block" time="0.003" /><testcase classname="backend.tests.test_kie_callback" name="test_webhook_accepts_valid_and_persists" time="0.003" /><testcase classname="backend.tests.test_kie_callback" name="test_webhook_returns_503_when_hmac_key_missing" time="0.003" /><testcase classname="backend.tests.test_kie_callback" name="test_webhook_idempotent_on_duplicate_delivery" time="0.004" /><testcase classname="backend.tests.test_render_privacy" name="test_public_providers_never_reveals_names" time="0.006" /><testcase classname="backend.tests.test_render_privacy" name="test_public_providers_reports_no_premium_when_none_available" time="0.005" /><testcase classname="backend.tests.test_render_privacy" name="test_admin_providers_gated" time="0.010" /><testcase classname="backend.tests.test_render_privacy" name="test_customer_estimate_hides_all_cost_and_provider_fields" time="0.006" /><testcase classname="backend.tests.test_render_privacy" name="test_customer_over_capacity_reason_is_generic" time="0.005" /><testcase classname="backend.tests.test_render_privacy" name="test_customer_cannot_override_admin_caps" time="0.005" /><testcase classname="backend.tests.test_render_privacy" name="test_admin_estimate_returns_cents_and_provider" time="0.005" /><testcase classname="backend.tests.test_render_privacy" name="test_admin_estimate_forbidden_for_non_admin" time="0.006" /><testcase classname="backend.tests.test_render_privacy" name="test_scrub_render_removes_cost_and_provider_for_customer" time="0.185" /><testcase classname="backend.tests.test_render_privacy" name="test_scrub_render_leaves_admin_untouched" time="0.000" /><testcase classname="backend.tests.test_render_runtime" name="test_stale_query_covers_visuals_and_future_nonterminal_statuses" time="0.000" /><testcase classname="backend.tests.test_render_runtime" name="test_process_timeout_kills_and_reaps_child" time="0.011" /><testcase classname="backend.tests.test_pipeline_integration" name="test_input_kind_prefers_explicit_kind_field" time="0.000" /><testcase classname="backend.tests.test_pipeline_integration" name="test_input_kind_sniffs_url_extension_for_legacy_payloads" time="0.000" /><testcase classname="backend.tests.test_pipeline_integration" name="test_input_kind_maps_source_ai_and_stock" time="0.000" /><testcase classname="backend.tests.test_pipeline_integration" name="test_input_kind_uploaded_default_is_image" time="0.000" /><testcase classname="backend.tests.test_pipeline_integration" name="test_registry_disabled_by_default" time="0.000" /><testcase classname="backend.tests.test_pipeline_integration" name="test_registry_falls_back_when_no_kie_key" time="0.000" /><testcase classname="backend.tests.test_pipeline_integration" name="test_registry_falls_back_when_model_not_enabled" time="0.000" /><testcase classname="backend.tests.test_pipeline_integration" name="test_ai_text_scene_routes_through_kie" time="0.022" /><testcase classname="backend.tests.test_pipeline_integration" name="test_uploaded_image_premium_routes_through_kie_first_frame" time="0.022" /><testcase classname="backend.tests.test_pipeline_integration" name="test_pipeline_ceiling_rejects_too_many_ai_scenes" time="0.000" /><testcase classname="backend.tests.test_pipeline_integration" name="test_pipeline_ceiling_rejects_over_cost_cap" time="0.000" /><testcase classname="backend.tests.test_pipeline_integration" name="test_pipeline_ceiling_passes_within_limits" time="0.000" /><testcase classname="backend.tests.test_pipeline_integration" name="test_pipeline_ceiling_video_input_is_free" time="0.000" /><testcase classname="backend.tests.test_pipeline_integration" name="test_scene_telemetry_stays_in_customer_forbidden_set" time="0.001" /></testsuite></testsuites>