<?xml version="1.0" encoding="utf-8"?><testsuites name="pytest tests"><testsuite name="pytest" errors="0" failures="0" skipped="0" tests="13" time="22.847" timestamp="2026-06-30T12:09:08.873954+00:00" hostname="agent-env-077efd7d-6947-4238-b6ab-81b7a4345f77"><testcase classname="backend.tests.test_iter37_ghl.TestGhlUnconfigured" name="test_status_when_unconfigured" time="0.223" /><testcase classname="backend.tests.test_iter37_ghl.TestGhlUnconfigured" name="test_test_endpoint_503_when_unconfigured" time="0.131" /><testcase classname="backend.tests.test_iter37_ghl.TestGhlUnconfigured" name="test_push_buyer_503_when_unconfigured" time="0.104" /><testcase classname="backend.tests.test_iter37_ghl.TestGhlUnconfigured" name="test_push_buyer_400_when_missing_email" time="0.136" /><testcase classname="backend.tests.test_iter37_ghl.TestGhlConfiguredLive" name="test_status_when_configured" time="3.584" /><testcase classname="backend.tests.test_iter37_ghl.TestGhlConfiguredLive" name="test_ghl_test_sentinel" time="0.433" /><testcase classname="backend.tests.test_iter37_ghl.TestGhlConfiguredLive" name="test_pinball_flow_pushes_to_ghl" time="1.626" /><testcase classname="backend.tests.test_iter37_ghl.TestGhlConfiguredLive" name="test_license_redemption_pushes_to_ghl" time="1.621" /><testcase classname="backend.tests.test_iter37_ghl.TestGhlConfiguredLive" name="test_push_buyer_endpoint_404_for_nonexistent" time="2.810" /><testcase classname="backend.tests.test_iter37_ghl.TestGhlFailureLogged" name="test_failure_logged_to_activity" time="3.354" /><testcase classname="backend.tests.test_iter37_ghl.TestGhlFailureLogged" name="test_redeem_succeeds_even_when_ghl_fails" time="2.527" /><testcase classname="backend.tests.test_iter37_ghl.TestGhlAuthHeader" name="test_custom_auth_header_propagates" time="3.335" /><testcase classname="backend.tests.test_iter37_ghl.TestGhlAuthHeader" name="test_status_reflects_auth_header" time="2.808" /></testsuite></testsuites>