<?xml version="1.0" encoding="utf-8"?><testsuites name="pytest tests"><testsuite name="pytest" errors="0" failures="0" skipped="0" tests="27" time="4.617" timestamp="2026-06-30T02:45:26.962738+00:00" hostname="agent-env-077efd7d-6947-4238-b6ab-81b7a4345f77"><testcase classname="backend.tests.test_iter34_licenses" name="test_me_quota_tier_labels[t1-Starter]" time="0.179" /><testcase classname="backend.tests.test_iter34_licenses" name="test_me_quota_tier_labels[t2-Creator]" time="0.158" /><testcase classname="backend.tests.test_iter34_licenses" name="test_me_quota_tier_labels[t3-Pro]" time="0.135" /><testcase classname="backend.tests.test_iter34_licenses" name="test_me_quota_tier_labels[t4-Pro Plus]" time="0.161" /><testcase classname="backend.tests.test_iter34_licenses" name="test_admin_bulk_create_programmatic" time="0.223" /><testcase classname="backend.tests.test_iter34_licenses" name="test_admin_bulk_create_csv" time="0.106" /><testcase classname="backend.tests.test_iter34_licenses" name="test_admin_bulk_create_idempotent" time="0.120" /><testcase classname="backend.tests.test_iter34_licenses" name="test_admin_bulk_create_invalid_tier" time="0.136" /><testcase classname="backend.tests.test_iter34_licenses" name="test_redeem_requires_auth" time="0.099" /><testcase classname="backend.tests.test_iter34_licenses" name="test_redeem_nonexistent_code" time="0.100" /><testcase classname="backend.tests.test_iter34_licenses" name="test_redeem_first_time_bumps_tier" time="0.109" /><testcase classname="backend.tests.test_iter34_licenses" name="test_redeem_same_user_again_idempotent" time="0.306" /><testcase classname="backend.tests.test_iter34_licenses" name="test_redeem_different_user_conflict" time="0.296" /><testcase classname="backend.tests.test_iter34_licenses" name="test_redeem_voided_returns_410" time="0.321" /><testcase classname="backend.tests.test_iter34_licenses" name="test_redeem_protected_owner_burns_but_no_demote" time="0.209" /><testcase classname="backend.tests.test_iter34_licenses" name="test_redeem_t1_code_as_t3_buyer_no_downgrade" time="0.274" /><testcase classname="backend.tests.test_iter34_licenses" name="test_admin_list_filter_status_available" time="0.101" /><testcase classname="backend.tests.test_iter34_licenses" name="test_admin_list_filter_tier_t2" time="0.109" /><testcase classname="backend.tests.test_iter34_licenses" name="test_admin_list_filter_q_match" time="0.098" /><testcase classname="backend.tests.test_iter34_licenses" name="test_admin_buyer_upgrade_tier" time="0.105" /><testcase classname="backend.tests.test_iter34_licenses" name="test_admin_buyer_upgrade_to_founder" time="0.098" /><testcase classname="backend.tests.test_iter34_licenses" name="test_admin_buyer_upgrade_unknown_tier" time="0.142" /><testcase classname="backend.tests.test_iter34_licenses" name="test_upgrade_target_owner_dev_bypass" time="0.103" /><testcase classname="backend.tests.test_iter34_licenses" name="test_upgrade_target_founder" time="0.099" /><testcase classname="backend.tests.test_iter34_licenses" name="test_upgrade_target_top_tier" time="0.099" /><testcase classname="backend.tests.test_iter34_licenses" name="test_upgrade_target_no_url_configured" time="0.108" /><testcase classname="backend.tests.test_iter34_licenses" name="test_admin_endpoints_block_non_admin" time="0.350" /></testsuite></testsuites>