<?xml version="1.0" encoding="utf-8"?><testsuites name="pytest tests"><testsuite name="pytest" errors="0" failures="0" skipped="0" tests="14" time="0.652" timestamp="2026-06-19T00:18:56.459326+00:00" hostname="agent-env-077efd7d-6947-4238-b6ab-81b7a4345f77"><testcase classname="backend.tests.test_admin_pinball" name="test_pinball_bad_token_logs_and_rejects" time="0.013" /><testcase classname="backend.tests.test_admin_pinball" name="test_pinball_creates_buyer_with_studio_lifetime" time="0.005" /><testcase classname="backend.tests.test_admin_pinball" name="test_pinball_dedupes_same_order_id" time="0.007" /><testcase classname="backend.tests.test_admin_pinball" name="test_pinball_union_merges_entitlements" time="0.008" /><testcase classname="backend.tests.test_admin_pinball" name="test_pinball_unknown_product_rejected" time="0.005" /><testcase classname="backend.tests.test_admin_pinball" name="test_pinball_missing_email_rejected" time="0.005" /><testcase classname="backend.tests.test_admin_pinball" name="test_admin_endpoints_require_admin" time="0.007" /><testcase classname="backend.tests.test_admin_pinball" name="test_admin_grant_revoke_delete" time="0.013" /><testcase classname="backend.tests.test_admin_pinball" name="test_admin_bulk_delete" time="0.007" /><testcase classname="backend.tests.test_admin_pinball" name="test_import_creates_and_merges" time="0.009" /><testcase classname="backend.tests.test_admin_pinball" name="test_activity_filter_and_replay" time="0.009" /><testcase classname="backend.tests.test_admin_pinball" name="test_stats_shape" time="0.006" /><testcase classname="backend.tests.test_admin_pinball" name="test_activity_single_and_bulk_delete" time="0.008" /><testcase classname="backend.tests.test_admin_pinball" name="test_activity_delete_requires_admin" time="0.004" /></testsuite></testsuites>