<?xml version="1.0" encoding="utf-8"?><testsuites name="pytest tests"><testsuite name="pytest" errors="0" failures="0" skipped="0" tests="5" time="82.577" timestamp="2026-06-25T15:59:01.968431+00:00" hostname="agent-env-077efd7d-6947-4238-b6ab-81b7a4345f77"><testcase classname="backend.tests.test_iter30_tts_client_lifecycle.TestStudioHistory" name="test_history_lists_jobs" time="0.262" /><testcase classname="backend.tests.test_iter30_tts_client_lifecycle.TestStudioHistory" name="test_history_includes_prior_voiceover_failures_readable" time="0.104" /><testcase classname="backend.tests.test_iter30_tts_client_lifecycle.TestFacelessRenderShortScript" name="test_short_script_render_passes_tts" time="41.818" /><testcase classname="backend.tests.test_iter30_tts_client_lifecycle.TestFacelessRenderLongScript" name="test_long_script_render_clears_tts_stage" time="40.201" /><testcase classname="backend.tests.test_iter30_tts_client_lifecycle.TestFacelessRenderLongScript" name="test_audio_url_extracted_when_render_completes" time="0.125" /></testsuite></testsuites>