<?xml version="1.0" encoding="utf-8"?><testsuites name="pytest tests"><testsuite name="pytest" errors="0" failures="0" skipped="0" tests="23" time="2.059" timestamp="2026-06-29T23:26:16.848144+00:00" hostname="agent-env-077efd7d-6947-4238-b6ab-81b7a4345f77"><testcase classname="backend.tests.test_iter30_group_a_foundation.TestAuthLastLoginStamp" name="test_dev_bypass_stamps_last_login" time="0.183" /><testcase classname="backend.tests.test_iter30_group_a_foundation.TestAuthLastLoginStamp" name="test_buyer_lookup_path_stamps_last_login" time="0.103" /><testcase classname="backend.tests.test_iter30_group_a_foundation.TestTierConfig" name="test_tiers_by_id_has_five_keys" time="0.001" /><testcase classname="backend.tests.test_iter30_group_a_foundation.TestTierConfig" name="test_get_tier_t3_values" time="0.000" /><testcase classname="backend.tests.test_iter30_group_a_foundation.TestTierConfig" name="test_get_tier_none_falls_back_to_t1" time="0.000" /><testcase classname="backend.tests.test_iter30_group_a_foundation.TestTierConfig" name="test_tier_for_entitlements_mapping[ents0-t1]" time="0.000" /><testcase classname="backend.tests.test_iter30_group_a_foundation.TestTierConfig" name="test_tier_for_entitlements_mapping[ents1-t2]" time="0.000" /><testcase classname="backend.tests.test_iter30_group_a_foundation.TestTierConfig" name="test_tier_for_entitlements_mapping[ents2-t3]" time="0.000" /><testcase classname="backend.tests.test_iter30_group_a_foundation.TestTierConfig" name="test_tier_for_entitlements_mapping[ents3-t4]" time="0.000" /><testcase classname="backend.tests.test_iter30_group_a_foundation.TestTierConfig" name="test_byok_without_studio_does_not_upgrade_to_t4" time="0.000" /><testcase classname="backend.tests.test_iter30_group_a_foundation.TestTierConfig" name="test_founder_tier_grandfathered_unlimited" time="0.000" /><testcase classname="backend.tests.test_iter30_group_a_foundation.TestAdminUsageEndpoint" name="test_admin_usage_returns_expected_shape" time="0.210" /><testcase classname="backend.tests.test_iter30_group_a_foundation.TestAdminUsageEndpoint" name="test_admin_usage_requires_admin_403_for_non_admin" time="0.222" /><testcase classname="backend.tests.test_iter30_group_a_foundation.TestAdminUsageEndpoint" name="test_admin_usage_sort_by_spend_desc" time="0.128" /><testcase classname="backend.tests.test_iter30_group_a_foundation.TestAdminUsageEndpoint" name="test_admin_usage_sort_by_email_asc" time="0.095" /><testcase classname="backend.tests.test_iter30_group_a_foundation.TestAdminUsageEndpoint" name="test_admin_usage_filter_q_case_insensitive" time="0.144" /><testcase classname="backend.tests.test_iter30_group_a_foundation.TestAdminUsageEndpoint" name="test_admin_usage_invalid_sort_by_returns_422" time="0.094" /><testcase classname="backend.tests.test_iter30_group_a_foundation.TestAdminUsageAggregation" name="test_seeded_aggregation_matches" time="0.100" /><testcase classname="backend.tests.test_iter30_group_a_foundation.TestAdminUsageAggregation" name="test_tier_auto_resolution_in_usage_row[ents0-t1]" time="0.097" /><testcase classname="backend.tests.test_iter30_group_a_foundation.TestAdminUsageAggregation" name="test_tier_auto_resolution_in_usage_row[ents1-t2]" time="0.097" /><testcase classname="backend.tests.test_iter30_group_a_foundation.TestAdminUsageAggregation" name="test_tier_auto_resolution_in_usage_row[ents2-t3]" time="0.097" /><testcase classname="backend.tests.test_iter30_group_a_foundation.TestAdminUsageAggregation" name="test_tier_auto_resolution_in_usage_row[ents3-t4]" time="0.123" /><testcase classname="backend.tests.test_iter30_group_a_foundation.TestAdminUsageAggregation" name="test_founder_flag_separate_from_tier_field" time="0.113" /></testsuite></testsuites>