<?xml version="1.0" encoding="utf-8"?><testsuites name="pytest tests"><testsuite name="pytest" errors="0" failures="0" skipped="0" tests="13" time="3.065" timestamp="2026-06-30T10:30:56.309898+00:00" hostname="agent-env-077efd7d-6947-4238-b6ab-81b7a4345f77"><testcase classname="backend.tests.test_iter35_byok" name="test_get_byok_requires_jwt" time="0.139" /><testcase classname="backend.tests.test_iter35_byok" name="test_get_byok_owner_allowed" time="0.207" /><testcase classname="backend.tests.test_iter35_byok" name="test_get_byok_t1_buyer_denied" time="0.118" /><testcase classname="backend.tests.test_iter35_byok" name="test_get_byok_t4_buyer_allowed" time="0.110" /><testcase classname="backend.tests.test_iter35_byok" name="test_post_byok_save_success_and_masked" time="0.218" /><testcase classname="backend.tests.test_iter35_byok" name="test_post_byok_short_key_400" time="0.164" /><testcase classname="backend.tests.test_iter35_byok" name="test_post_byok_unknown_service_400" time="0.163" /><testcase classname="backend.tests.test_iter35_byok" name="test_post_byok_t1_buyer_forbidden" time="0.095" /><testcase classname="backend.tests.test_iter35_byok" name="test_delete_byok_success_and_removes_from_db" time="0.190" /><testcase classname="backend.tests.test_iter35_byok" name="test_delete_byok_nonexistent_404" time="0.105" /><testcase classname="backend.tests.test_iter35_byok" name="test_save_twice_replaces_and_preserves_created_at" time="1.247" /><testcase classname="backend.tests.test_iter35_byok" name="test_encryption_sanity_in_mongo" time="0.115" /><testcase classname="backend.tests.test_iter35_byok" name="test_byok_wired_in_render_avatar_and_faceless" time="0.003" /></testsuite></testsuites>