<?xml version="1.0" encoding="utf-8"?><testsuites name="pytest tests"><testsuite name="pytest" errors="0" failures="0" skipped="0" tests="18" time="207.320" timestamp="2026-06-12T19:27:35.708498+00:00" hostname="agent-env-3efffc74-5bf3-4c96-8d1a-850f2439f9f2"><testcase classname="backend.tests.test_scripts" name="test_broll_prompts_requires_auth" time="0.230" /><testcase classname="backend.tests.test_scripts" name="test_broll_prompts_empty_script_400" time="0.241" /><testcase classname="backend.tests.test_scripts" name="test_broll_prompts_success" time="4.367" /><testcase classname="backend.tests.test_scripts" name="test_scripts_long_post_returns_running" time="103.730" /><testcase classname="backend.tests.test_scripts" name="test_scripts_long_structure" time="0.000" /><testcase classname="backend.tests.test_scripts" name="test_scripts_long_invalid_length" time="0.114" /><testcase classname="backend.tests.test_scripts" name="test_scripts_long_empty_topic" time="0.104" /><testcase classname="backend.tests.test_scripts" name="test_scripts_shorts_structure" time="47.034" /><testcase classname="backend.tests.test_scripts" name="test_scripts_shorts_invalid_platform" time="0.101" /><testcase classname="backend.tests.test_scripts" name="test_scripts_repurpose_returns_shorts" time="50.340" /><testcase classname="backend.tests.test_scripts" name="test_scripts_repurpose_empty_source" time="0.106" /><testcase classname="backend.tests.test_scripts" name="test_scripts_job_nonexistent_returns_404" time="0.113" /><testcase classname="backend.tests.test_scripts" name="test_scripts_job_requires_auth" time="0.103" /><testcase classname="backend.tests.test_scripts" name="test_scripts_history_contains_all" time="0.149" /><testcase classname="backend.tests.test_scripts" name="test_scripts_get_by_id" time="0.098" /><testcase classname="backend.tests.test_scripts" name="test_scripts_delete_and_verify" time="0.211" /><testcase classname="backend.tests.test_scripts" name="test_scripts_delete_missing_404" time="0.101" /><testcase classname="backend.tests.test_scripts" name="test_scripts_long_unauthenticated_returns_401" time="0.109" /></testsuite></testsuites>