<?xml version="1.0" encoding="utf-8"?><testsuites name="pytest tests"><testsuite name="pytest" errors="0" failures="0" skipped="0" tests="6" time="11.549" timestamp="2026-06-30T01:31:20.364566+00:00" hostname="agent-env-077efd7d-6947-4238-b6ab-81b7a4345f77"><testcase classname="backend.tests.test_iter33_thumbnail_picker" name="test_long_template_has_thumbnail_sections" time="0.001" /><testcase classname="backend.tests.test_iter33_thumbnail_picker" name="test_viral_style_suffix_constants" time="0.304" /><testcase classname="backend.tests.test_iter33_thumbnail_picker" name="test_composed_prompt_stacks_viral_suffix" time="0.000" /><testcase classname="backend.tests.test_iter33_thumbnail_picker" name="test_rewriter_produces_viral_keywords" time="11.177" /><testcase classname="backend.tests.test_iter33_thumbnail_picker" name="test_legacy_script_no_cover_section" time="0.000" /><testcase classname="backend.tests.test_iter33_thumbnail_picker" name="test_rewriter_system_prompt_keywords" time="0.001" /></testsuite></testsuites>