<?xml version="1.0" encoding="utf-8"?><testsuites name="pytest tests"><testsuite name="pytest" errors="0" failures="0" skipped="0" tests="18" time="3.010" timestamp="2026-06-18T14:45:31.800447+00:00" hostname="agent-env-077efd7d-6947-4238-b6ab-81b7a4345f77"><testcase classname="backend.tests.test_admin_live" name="test_admin_buyers_requires_auth" time="0.123" /><testcase classname="backend.tests.test_admin_live" name="test_admin_buyers_403_for_non_admin" time="0.206" /><testcase classname="backend.tests.test_admin_live" name="test_admin_buyers_200_for_admin" time="0.221" /><testcase classname="backend.tests.test_admin_live" name="test_admin_buyers_filter_q" time="0.176" /><testcase classname="backend.tests.test_admin_live" name="test_admin_buyers_filter_entitlement" time="0.105" /><testcase classname="backend.tests.test_admin_live" name="test_grant_creates_and_unions" time="0.216" /><testcase classname="backend.tests.test_admin_live" name="test_grant_rejects_unknown_entitlement" time="0.101" /><testcase classname="backend.tests.test_admin_live" name="test_revoke_removes" time="0.098" /><testcase classname="backend.tests.test_admin_live" name="test_delete_removes_buyer" time="0.217" /><testcase classname="backend.tests.test_admin_live" name="test_bulk_delete" time="0.323" /><testcase classname="backend.tests.test_admin_live" name="test_import_endpoint" time="0.101" /><testcase classname="backend.tests.test_admin_live" name="test_activity_list" time="0.122" /><testcase classname="backend.tests.test_admin_live" name="test_activity_filter_by_type" time="0.099" /><testcase classname="backend.tests.test_admin_live" name="test_stats" time="0.108" /><testcase classname="backend.tests.test_admin_live" name="test_pinball_bad_token" time="0.095" /><testcase classname="backend.tests.test_admin_live" name="test_pinball_unknown_product" time="0.099" /><testcase classname="backend.tests.test_admin_live" name="test_pinball_missing_email" time="0.106" /><testcase classname="backend.tests.test_admin_live" name="test_pinball_full_flow_with_studio_lifetime" time="0.430" /></testsuite></testsuites>