<?xml version="1.0" encoding="utf-8"?><testsuites name="pytest tests"><testsuite name="pytest" errors="0" failures="0" skipped="0" tests="9" time="0.952" timestamp="2026-06-16T23:49:43.108034+00:00" hostname="agent-env-077efd7d-6947-4238-b6ab-81b7a4345f77"><testcase classname="backend.tests.test_studio_v18_ai_engine.TestAuth" name="test_admin_passwordless_login" time="0.153" /><testcase classname="backend.tests.test_studio_v18_ai_engine.TestAuth" name="test_auth_me_returns_admin" time="0.100" /><testcase classname="backend.tests.test_studio_v18_ai_engine.TestEstimateAiEngine" name="test_estimate_scales_with_engine[flux]" time="0.058" /><testcase classname="backend.tests.test_studio_v18_ai_engine.TestEstimateAiEngine" name="test_estimate_scales_with_engine[kling]" time="0.096" /><testcase classname="backend.tests.test_studio_v18_ai_engine.TestEstimateAiEngine" name="test_estimate_scales_with_engine[veo3]" time="0.044" /><testcase classname="backend.tests.test_studio_v18_ai_engine.TestEstimateAiEngine" name="test_estimate_scales_with_engine[pika]" time="0.045" /><testcase classname="backend.tests.test_studio_v18_ai_engine.TestEstimateAiEngine" name="test_estimate_kling_higher_than_flux" time="0.096" /><testcase classname="backend.tests.test_studio_v18_ai_engine.TestEstimateAiEngine" name="test_estimate_veo3_highest" time="0.187" /><testcase classname="backend.tests.test_studio_v18_ai_engine.TestBothAspects" name="test_both_aspects_returns_two_queued_jobs" time="0.099" /></testsuite></testsuites>