<?xml version="1.0" encoding="utf-8"?><testsuites name="pytest tests"><testsuite name="pytest" errors="0" failures="0" skipped="0" tests="35" time="0.489" timestamp="2026-08-15T20:18:49.316124+00:00" hostname="agent-env-3a6dd294-d333-4a1f-adfd-924dab96024c"><testcase classname="backend.tests.test_scene_routing" name="test_pexels_scene_uses_search_query_when_present" time="0.000" /><testcase classname="backend.tests.test_scene_routing" name="test_pixabay_scene_uses_search_query_when_present" time="0.000" /><testcase classname="backend.tests.test_scene_routing" name="test_pexels_scene_missing_search_query_uses_sanitizer_fallback" time="0.000" /><testcase classname="backend.tests.test_scene_routing" name="test_pexels_scene_with_empty_search_query_falls_back" time="0.000" /><testcase classname="backend.tests.test_scene_routing" name="test_pexels_scene_with_whitespace_search_query_falls_back" time="0.000" /><testcase classname="backend.tests.test_scene_routing" name="test_pexels_scene_with_no_prompt_and_no_query_returns_empty" time="0.000" /><testcase classname="backend.tests.test_scene_routing" name="test_uploaded_image_scene_classifies_local_only" time="0.000" /><testcase classname="backend.tests.test_scene_routing" name="test_uploaded_video_scene_classifies_local_only" time="0.000" /><testcase classname="backend.tests.test_scene_routing" name="test_ai_scene_classifies_as_ai" time="0.000" /><testcase classname="backend.tests.test_scene_routing" name="test_ai_t2v_scene_classifies_as_ai_t2v" time="0.000" /><testcase classname="backend.tests.test_scene_routing" name="test_pexels_scene_classifies_as_stock" time="0.000" /><testcase classname="backend.tests.test_scene_routing" name="test_pixabay_scene_classifies_as_stock" time="0.000" /><testcase classname="backend.tests.test_scene_routing" name="test_ai_prompt_shot_vocabulary_is_stripped_when_used_as_fallback" time="0.000" /><testcase classname="backend.tests.test_scene_routing" name="test_stock_query_result_is_length_bounded_when_used_as_fallback" time="0.000" /><testcase classname="backend.tests.test_scene_routing" name="test_preview_clips_query_resolver_uses_search_query_when_present" time="0.000" /><testcase classname="backend.tests.test_scene_routing" name="test_preview_clips_query_resolver_sanitizes_prompt_when_search_query_missing" time="0.000" /><testcase classname="backend.tests.test_scene_routing" name="test_preview_clips_query_resolver_treats_empty_string_as_missing" time="0.000" /><testcase classname="backend.tests.test_scene_routing" name="test_preview_clips_query_resolver_never_sends_raw_prompt" time="0.000" /><testcase classname="backend.tests.test_scene_routing" name="test_search_query_survives_broll_prompts_to_render_payload_regression" time="0.000" /><testcase classname="backend.tests.test_scene_routing" name="test_uploaded_scene_bypasses_ai_and_stock_regression" time="0.000" /><testcase classname="backend.tests.test_uploaded_broll_routing" name="test_explicit_uploaded_image_and_video_kinds_win" time="0.000" /><testcase classname="backend.tests.test_uploaded_broll_routing" name="test_legacy_upload_kind_is_inferred_from_url_extension" time="0.000" /><testcase classname="backend.tests.test_uploaded_broll_routing" name="test_unknown_legacy_upload_defaults_to_video_treatment" time="0.000" /><testcase classname="backend.tests.test_uploaded_broll_routing" name="test_uploaded_media_has_dedicated_local_only_scene_kinds" time="0.000" /><testcase classname="backend.tests.test_uploaded_broll_routing" name="test_only_ai_source_enters_ai_scene_kinds" time="0.000" /><testcase classname="backend.tests.test_uploaded_broll_routing" name="test_uploaded_scenes_are_excluded_from_ai_visual_cost_count" time="0.000" /><testcase classname="backend.tests.test_uploaded_broll_routing" name="test_global_uploaded_source_has_zero_ai_visual_count" time="0.000" /><testcase classname="backend.tests.test_uploaded_broll_routing" name="test_cutaway_temp_slots_cannot_collide_with_final_scene_slots" time="0.000" /><testcase classname="backend.tests.test_uploaded_broll_routing" name="test_missing_local_path_still_counts_as_local_reference" time="0.000" /><testcase classname="backend.tests.test_render_privacy" name="test_scrub_removes_internal_fields_recursively" time="0.000" /><testcase classname="backend.tests.test_render_privacy" name="test_scrub_does_not_mutate_admin_source_document" time="0.000" /><testcase classname="backend.tests.test_render_runtime" name="test_stale_query_covers_visuals_and_future_nonterminal_statuses" time="0.000" /><testcase classname="backend.tests.test_render_runtime" name="test_process_timeout_kills_and_reaps_child" time="0.011" /><testcase classname="backend.tests.test_upload_paths" name="test_public_file_token_accepts_codec_suffix" time="0.000" /><testcase classname="backend.tests.test_upload_paths" name="test_public_file_token_without_suffix_is_unchanged" time="0.000" /></testsuite></testsuites>