<?xml version="1.0" encoding="utf-8"?><testsuites name="pytest tests"><testsuite name="pytest" errors="0" failures="0" skipped="0" tests="7" time="0.495" timestamp="2026-06-30T13:35:12.773803+00:00" hostname="agent-env-077efd7d-6947-4238-b6ab-81b7a4345f77"><testcase classname="backend.tests.test_caption_burn_in" name="test_burn_in_captions_exists" time="0.000" /><testcase classname="backend.tests.test_caption_burn_in" name="test_caption_style_presets_intact" time="0.000" /><testcase classname="backend.tests.test_caption_burn_in" name="test_burn_in_called_when_fal_returns_url" time="0.001" /><testcase classname="backend.tests.test_caption_burn_in" name="test_burn_in_short_circuits_without_fal_key" time="0.000" /><testcase classname="backend.tests.test_caption_burn_in" name="test_burn_in_short_circuits_without_video_url" time="0.000" /><testcase classname="backend.tests.test_caption_burn_in" name="test_burn_in_resilient_to_fal_error" time="0.000" /><testcase classname="backend.tests.test_caption_burn_in" name="test_position_override_applies" time="0.000" /></testsuite></testsuites>