<?xml version="1.0" encoding="utf-8"?><testsuites name="pytest tests"><testsuite name="pytest" errors="0" failures="0" skipped="0" tests="10" time="1.634" timestamp="2026-06-19T06:01:17.927610+00:00" hostname="agent-env-077efd7d-6947-4238-b6ab-81b7a4345f77"><testcase classname="backend.tests.test_paywall_gating.TestStudioGating" name="test_studio_avatars_403_without_studio_entitlement" time="0.176" /><testcase classname="backend.tests.test_paywall_gating.TestStudioGating" name="test_studio_avatars_401_without_token" time="0.110" /><testcase classname="backend.tests.test_paywall_gating.TestStudioGating" name="test_studio_avatars_403_for_shorts_only_user" time="0.093" /><testcase classname="backend.tests.test_paywall_gating.TestShortsGating" name="test_scripts_shorts_403_without_shorts_entitlement" time="0.107" /><testcase classname="backend.tests.test_paywall_gating.TestShortsGating" name="test_scripts_shorts_401_without_token" time="0.126" /><testcase classname="backend.tests.test_paywall_gating.TestFullEntitlementNoRegression" name="test_studio_avatars_not_403_for_full_user" time="0.219" /><testcase classname="backend.tests.test_paywall_gating.TestFullEntitlementNoRegression" name="test_auth_me_includes_all_entitlements_for_dev_bypass" time="0.187" /><testcase classname="backend.tests.test_paywall_gating.TestBrandingAssets" name="test_favicon_png_served" time="0.138" /><testcase classname="backend.tests.test_paywall_gating.TestBrandingAssets" name="test_login_hero_png_served" time="0.166" /><testcase classname="backend.tests.test_paywall_gating.TestBrandingAssets" name="test_index_html_title_and_favicon_link" time="0.131" /></testsuite></testsuites>