<?xml version="1.0" encoding="utf-8"?><testsuites name="pytest tests"><testsuite name="pytest" errors="0" failures="0" skipped="0" tests="10" time="3.412" timestamp="2026-06-19T02:18:31.962404+00:00" hostname="agent-env-077efd7d-6947-4238-b6ab-81b7a4345f77"><testcase classname="backend.tests.test_voice_favorites.TestVoiceFavoritesAuth" name="test_get_favorites_requires_auth" time="0.199" /><testcase classname="backend.tests.test_voice_favorites.TestVoiceFavoritesAuth" name="test_post_favorite_requires_auth" time="0.109" /><testcase classname="backend.tests.test_voice_favorites.TestVoiceFavoritesAuth" name="test_delete_favorite_requires_auth" time="0.102" /><testcase classname="backend.tests.test_voice_favorites.TestVoiceFavoritesCRUD" name="test_get_initial_favorites_returns_list" time="0.240" /><testcase classname="backend.tests.test_voice_favorites.TestVoiceFavoritesCRUD" name="test_post_adds_favorite_and_persists" time="0.331" /><testcase classname="backend.tests.test_voice_favorites.TestVoiceFavoritesCRUD" name="test_post_is_idempotent_addToSet" time="0.317" /><testcase classname="backend.tests.test_voice_favorites.TestVoiceFavoritesCRUD" name="test_post_missing_voice_id_rejected" time="0.129" /><testcase classname="backend.tests.test_voice_favorites.TestVoiceFavoritesCRUD" name="test_delete_removes_favorite_and_persists" time="0.298" /><testcase classname="backend.tests.test_voice_favorites.TestVoiceFavoritesCRUD" name="test_cleanup" time="0.212" /><testcase classname="backend.tests.test_voice_favorites.TestVoicesEndpointStillWorks" name="test_voices_list_returns_array" time="1.353" /></testsuite></testsuites>