<?xml version="1.0" encoding="utf-8"?><testsuites name="pytest tests"><testsuite name="pytest" errors="0" failures="0" skipped="0" tests="8" time="2.610" timestamp="2026-06-21T10:15:15.361954+00:00" hostname="agent-env-077efd7d-6947-4238-b6ab-81b7a4345f77"><testcase classname="backend.tests.test_uploads_and_studio_v22.TestVoiceoverUpload" name="test_upload_voiceover_returns_url" time="0.299" /><testcase classname="backend.tests.test_uploads_and_studio_v22.TestBrollUpload" name="test_upload_broll_png_returns_url" time="0.101" /><testcase classname="backend.tests.test_uploads_and_studio_v22.TestListUploads" name="test_list_includes_uploaded" time="0.091" /><testcase classname="backend.tests.test_uploads_and_studio_v22.TestGetFileNoAuth" name="test_stream_file_without_auth" time="0.094" /><testcase classname="backend.tests.test_uploads_and_studio_v22.TestDeleteUpload" name="test_delete_then_returns_404" time="0.276" /><testcase classname="backend.tests.test_uploads_and_studio_v22.TestStockCandidates" name="test_stock_candidates_shape" time="0.284" /><testcase classname="backend.tests.test_uploads_and_studio_v22.TestRenderUserVoiceoverPersistence" name="test_render_persists_user_voiceover_url" time="1.197" /><testcase classname="backend.tests.test_uploads_and_studio_v22.TestFluxCacheCollection" name="test_flux_cache_logic_does_not_crash_queue" time="0.185" /></testsuite></testsuites>