<?xml version="1.0" encoding="utf-8"?><testsuites name="pytest tests"><testsuite name="pytest" errors="0" failures="0" skipped="0" tests="2" time="0.719" timestamp="2026-06-25T15:57:28.326364+00:00" hostname="agent-env-077efd7d-6947-4238-b6ab-81b7a4345f77"><testcase classname="backend.tests.test_iter30_tts_client_lifecycle.TestStudioHistory" name="test_history_lists_jobs" time="0.384" /><testcase classname="backend.tests.test_iter30_tts_client_lifecycle.TestStudioHistory" name="test_history_includes_prior_voiceover_failures_readable" time="0.161" /></testsuite></testsuites>