<?xml version="1.0" encoding="utf-8"?><testsuites name="pytest tests"><testsuite name="pytest" errors="0" failures="0" skipped="0" tests="42" time="8.323" timestamp="2026-06-23T01:42:39.543844+00:00" hostname="agent-env-077efd7d-6947-4238-b6ab-81b7a4345f77"><testcase classname="backend.tests.test_captions_v24.TestEstimatorCaptionSurcharge" name="test_faceless_flux_static_captions_off_then_on" time="0.366" /><testcase classname="backend.tests.test_captions_v24.TestEstimatorCaptionSurcharge" name="test_avatar_captions_surcharge_delta_10c" time="0.207" /><testcase classname="backend.tests.test_captions_v24.TestServerConstants" name="test_constants_present" time="0.001" /><testcase classname="backend.tests.test_captions_v24.TestServerConstants" name="test_caption_style_presets_keys_complete" time="0.439" /><testcase classname="backend.tests.test_captions_v24.TestRenderDocPersistsCaptionFields" name="test_render_submit_persists_captions_and_style" time="0.214" /><testcase classname="backend.tests.test_captions_v24.TestBurnInCaptionsDirect" name="test_unknown_style_falls_back_to_boxed_preset" time="0.001" /><testcase classname="backend.tests.test_captions_v24.TestBurnInCaptionsDirect" name="test_no_fal_key_returns_none_without_calling_http" time="0.000" /><testcase classname="backend.tests.test_captions_v24.TestCaptionBlockBehavior" name="test_caption_success_replaces_url_and_charges_10c" time="0.001" /><testcase classname="backend.tests.test_captions_v24.TestCaptionBlockBehavior" name="test_caption_soft_fail_returns_uncaptioned_no_crash" time="0.001" /><testcase classname="backend.tests.test_captions_v24.TestCaptionBlockBehavior" name="test_captions_false_does_not_call_burn" time="0.001" /><testcase classname="backend.tests.test_uploads_and_studio_v22.TestVoiceoverUpload" name="test_upload_voiceover_returns_url" time="0.201" /><testcase classname="backend.tests.test_uploads_and_studio_v22.TestBrollUpload" name="test_upload_broll_png_returns_url" time="0.100" /><testcase classname="backend.tests.test_uploads_and_studio_v22.TestListUploads" name="test_list_includes_uploaded" time="0.110" /><testcase classname="backend.tests.test_uploads_and_studio_v22.TestGetFileNoAuth" name="test_stream_file_without_auth" time="0.100" /><testcase classname="backend.tests.test_uploads_and_studio_v22.TestDeleteUpload" name="test_delete_then_returns_404" time="0.326" /><testcase classname="backend.tests.test_uploads_and_studio_v22.TestStockCandidates" name="test_stock_candidates_shape" time="0.220" /><testcase classname="backend.tests.test_uploads_and_studio_v22.TestRenderUserVoiceoverPersistence" name="test_render_persists_user_voiceover_url" time="1.210" /><testcase classname="backend.tests.test_uploads_and_studio_v22.TestFluxCacheCollection" name="test_flux_cache_logic_does_not_crash_queue" time="0.204" /><testcase classname="backend.tests.test_kling_i2v_v23.TestEstimator" name="test_estimate_flux_default_includes_kling_i2v" time="0.199" /><testcase classname="backend.tests.test_kling_i2v_v23.TestEstimator" name="test_estimate_flux_static_no_kling_cost" time="0.156" /><testcase classname="backend.tests.test_kling_i2v_v23.TestEstimator" name="test_estimate_kling_t2v_unchanged" time="0.150" /><testcase classname="backend.tests.test_kling_i2v_v23.TestEstimator" name="test_estimate_veo3_unchanged" time="0.203" /><testcase classname="backend.tests.test_kling_i2v_v23.TestServerConstants" name="test_kling_i2v_constants_and_model_id" time="0.001" /><testcase classname="backend.tests.test_kling_i2v_v23.TestServerConstants" name="test_normalize_scene_branches_on_engine" time="0.000" /><testcase classname="backend.tests.test_kling_i2v_v23.TestRenderQueueSubmission" name="test_submit_flux_render_does_not_crash" time="0.638" /><testcase classname="backend.tests.test_kling_i2v_v23.TestRenderQueueSubmission" name="test_submit_flux_static_render_does_not_crash" time="0.595" /><testcase classname="backend.tests.test_kling_i2v_v23.TestKlingI2VCacheWrite" name="test_make_i2v_clip_writes_cache_on_success" time="0.064" /><testcase classname="backend.tests.test_kling_i2v_v23.TestKlingI2VCacheWrite" name="test_make_i2v_clip_cache_hit_skips_fal_call" time="0.005" /><testcase classname="backend.tests.test_iter25_charity_bugs" name="test_voices_returns_2329" time="0.800" /><testcase classname="backend.tests.test_iter25_charity_bugs" name="test_avatars_returns_1281_with_aspect_breakdown" time="0.395" /><testcase classname="backend.tests.test_iter25_charity_bugs" name="test_heygen_polling_max_ticks_300_and_error_string" time="0.001" /><testcase classname="backend.tests.test_iter25_charity_bugs" name="test_kokoro_httpx_timeout_constants_in_source" time="0.000" /><testcase classname="backend.tests.test_iter25_charity_bugs" name="test_run_tts_retries_twice_then_succeeds_on_third_attempt" time="0.001" /><testcase classname="backend.tests.test_iter25_charity_bugs" name="test_render_request_persists_caption_position" time="0.490" /><testcase classname="backend.tests.test_iter25_charity_bugs" name="test_burn_in_captions_position_top_payload" time="0.245" /><testcase classname="backend.tests.test_iter25_charity_bugs" name="test_ai_previews_endpoint_cache_behavior" time="0.356" /><testcase classname="backend.tests.test_iter25_charity_bugs" name="test_ai_previews_endpoint_validates_aspect" time="0.105" /><testcase classname="backend.tests.test_iter25_charity_bugs" name="test_ai_previews_endpoint_empty_prompts" time="0.092" /><testcase classname="backend.tests.test_iter25_charity_bugs" name="test_gen_image_flux_payload_hardened_constants" time="0.001" /><testcase classname="backend.tests.test_iter25_charity_bugs" name="test_ai_previews_flux_payload_hardened_constants" time="0.001" /><testcase classname="backend.tests.test_iter25_charity_bugs" name="test_caption_position_overrides_constant_shape" time="0.000" /><testcase classname="backend.tests.test_iter25_charity_bugs" name="test_burn_in_captions_signature_has_position_key" time="0.000" /></testsuite></testsuites>