<?xml version="1.0" encoding="utf-8"?><testsuites name="pytest tests"><testsuite name="pytest" errors="0" failures="0" skipped="0" tests="10" time="2.359" timestamp="2026-06-19T03:00:26.525810+00:00" hostname="agent-env-077efd7d-6947-4238-b6ab-81b7a4345f77"><testcase classname="backend.tests.test_avatar_favorites.TestAvatarFavoritesAuth" name="test_get_favorites_requires_auth" time="0.186" /><testcase classname="backend.tests.test_avatar_favorites.TestAvatarFavoritesAuth" name="test_post_favorite_requires_auth" time="0.142" /><testcase classname="backend.tests.test_avatar_favorites.TestAvatarFavoritesAuth" name="test_delete_favorite_requires_auth" time="0.102" /><testcase classname="backend.tests.test_avatar_favorites.TestAvatarFavoritesCRUD" name="test_get_initial_favorites_returns_list" time="0.250" /><testcase classname="backend.tests.test_avatar_favorites.TestAvatarFavoritesCRUD" name="test_post_adds_favorite_and_persists" time="0.413" /><testcase classname="backend.tests.test_avatar_favorites.TestAvatarFavoritesCRUD" name="test_post_is_idempotent_addToSet" time="0.329" /><testcase classname="backend.tests.test_avatar_favorites.TestAvatarFavoritesCRUD" name="test_post_missing_avatar_id_rejected" time="0.097" /><testcase classname="backend.tests.test_avatar_favorites.TestAvatarFavoritesCRUD" name="test_delete_removes_favorite_and_persists" time="0.301" /><testcase classname="backend.tests.test_avatar_favorites.TestAvatarFavoritesCRUD" name="test_voice_favorites_unaffected" time="0.104" /><testcase classname="backend.tests.test_avatar_favorites.TestAvatarFavoritesCRUD" name="test_cleanup" time="0.206" /></testsuite></testsuites>