<?xml version="1.0" encoding="utf-8"?><testsuites name="pytest tests"><testsuite name="pytest" errors="0" failures="0" skipped="0" tests="13" time="25.638" timestamp="2026-06-12T23:47:23.493116+00:00" hostname="agent-env-3efffc74-5bf3-4c96-8d1a-850f2439f9f2"><testcase classname="backend.tests.test_studio_render.TestAuthMe" name="test_admin_flags" time="0.361" /><testcase classname="backend.tests.test_studio_render.TestEstimateEndpoint" name="test_short_avatar_estimate" time="0.097" /><testcase classname="backend.tests.test_studio_render.TestEstimateEndpoint" name="test_short_composite_estimate" time="0.106" /><testcase classname="backend.tests.test_studio_render.TestEstimateEndpoint" name="test_huge_composite_exceeds_cap" time="0.109" /><testcase classname="backend.tests.test_studio_render.TestEstimateEndpoint" name="test_estimate_requires_auth" time="0.096" /><testcase classname="backend.tests.test_studio_render.TestRenderCostGuard" name="test_1500_word_composite_rejected" time="0.108" /><testcase classname="backend.tests.test_studio_render.TestRenderCostGuard" name="test_empty_script_rejected" time="0.095" /><testcase classname="backend.tests.test_studio_render.TestRenderCostGuard" name="test_bad_mode_rejected" time="0.096" /><testcase classname="backend.tests.test_studio_render.TestDryRunPipelines" name="test_avatar_dry_run_complete" time="3.403" /><testcase classname="backend.tests.test_studio_render.TestDryRunPipelines" name="test_faceless_dry_run_complete" time="3.402" /><testcase classname="backend.tests.test_studio_render.TestDryRunPipelines" name="test_composite_dry_run_complete" time="3.862" /><testcase classname="backend.tests.test_studio_render.TestAdminDryRunOverride" name="test_admin_can_send_dry_run_false_on_short_script" time="13.515" /><testcase classname="backend.tests.test_studio_render.TestActivityLog" name="test_render_writes_activity_row" time="0.199" /></testsuite></testsuites>