<?xml version="1.0" encoding="utf-8"?><testsuites name="pytest tests"><testsuite name="pytest" errors="0" failures="0" skipped="0" tests="21" time="156.891" timestamp="2026-06-12T20:53:22.910634+00:00" hostname="agent-env-3efffc74-5bf3-4c96-8d1a-850f2439f9f2"><testcase classname="backend.tests.test_scripts" name="test_broll_prompts_requires_auth" time="0.366" /><testcase classname="backend.tests.test_scripts" name="test_broll_prompts_empty_script_400" time="0.272" /><testcase classname="backend.tests.test_scripts" name="test_angles_shape" time="8.130" /><testcase classname="backend.tests.test_scripts" name="test_angles_empty_topic_400" time="0.122" /><testcase classname="backend.tests.test_scripts" name="test_angles_requires_auth" time="0.135" /><testcase classname="backend.tests.test_scripts" name="test_saved_angles_list_contains_created" time="0.472" /><testcase classname="backend.tests.test_scripts" name="test_saved_angles_delete_and_verify" time="0.204" /><testcase classname="backend.tests.test_scripts" name="test_saved_angles_delete_missing_404" time="0.103" /><testcase classname="backend.tests.test_scripts" name="test_saved_angles_invalid_payload_400" time="0.154" /><testcase classname="backend.tests.test_scripts" name="test_saved_angles_requires_auth" time="0.099" /><testcase classname="backend.tests.test_scripts" name="test_long_persists_chosen_angle" time="110.725" /><testcase classname="backend.tests.test_scripts" name="test_long_text_has_sections_and_no_topic_angles" time="0.000" /><testcase classname="backend.tests.test_scripts" name="test_long_invalid_length" time="0.101" /><testcase classname="backend.tests.test_scripts" name="test_long_empty_topic" time="0.101" /><testcase classname="backend.tests.test_scripts" name="test_long_unauthenticated_returns_401" time="0.100" /><testcase classname="backend.tests.test_scripts" name="test_shorts_text_has_headers_and_no_topic_angles" time="34.723" /><testcase classname="backend.tests.test_scripts" name="test_shorts_invalid_platform" time="0.106" /><testcase classname="backend.tests.test_scripts" name="test_scripts_job_nonexistent_returns_404" time="0.099" /><testcase classname="backend.tests.test_scripts" name="test_scripts_job_requires_auth" time="0.118" /><testcase classname="backend.tests.test_scripts" name="test_scripts_history_contains_jobs" time="0.170" /><testcase classname="backend.tests.test_scripts" name="test_scripts_delete_and_verify" time="0.522" /></testsuite></testsuites>