<?xml version="1.0" encoding="utf-8"?><testsuites name="pytest tests"><testsuite name="pytest" errors="0" failures="1" skipped="1" tests="6" time="265.517" timestamp="2026-08-12T01:59:26.818044+00:00" hostname="agent-env-3a6dd294-d333-4a1f-adfd-924dab96024c"><testcase classname="backend.tests.test_render_voiceover_fix.TestAuth" name="test_admin_bypass_returns_jwt" time="0.006" /><testcase classname="backend.tests.test_render_voiceover_fix.TestAuth" name="test_me_endpoint" time="0.002" /><testcase classname="backend.tests.test_render_voiceover_fix.TestFacelessRenderVoiceover" name="test_faceless_render_completes_without_voiceover_401" time="10.011"><skipped type="pytest.skip" message="Render did not complete (status=failed), but the voiceover 401 is confirmed GONE. Secondary error: Could not resolve any scene visuals (Flux/stock both empty).">/app/backend/tests/test_render_voiceover_fix.py:129: Render did not complete (status=failed), but the voiceover 401 is confirmed GONE. Secondary error: Could not resolve any scene visuals (Flux/stock both empty).</skipped></testcase><testcase classname="backend.tests.test_render_voiceover_fix.TestPreRenderTimeline" name="test_render_preview_returns_manifest" time="8.399" /><testcase classname="backend.tests.test_render_voiceover_fix.TestPreRenderTimeline" name="test_preview_persisted_in_db" time="0.003" /><testcase classname="backend.tests.test_render_voiceover_fix.TestPreRenderTimeline" name="test_render_with_preview_id_reuses_manifest" time="246.883"><failure message="AssertionError: Render 459bbef3-fce5-4b2e-a450-c90ef0e2190a did not terminate within 240s. Last: {'id': '459bbef3-fce5-4b2e-a450-c90ef0e2190a', 'user_email': 'drcharitycampbell@gmail.com', 'user_entitlements': ['base', 'shorts', 'studio', 'byok'], 'user_is_admin': True, 'mode': 'faceless', 'aspect': '9_16', 'captions': False, 'script': 'Confidence is a skill you build with small daily reps. Today, pick one thing that scares you a little and do it anyway. That single choice compounds into a life you love.', 'avatar_id': None, 'voice_id': None, 'tts_voice_id': 'af_heart', 'broll_source': 'pexels', 'scenes': [{'prompt': 'Close-up of hands gripping barbell in gym, golden hour light streaming through windows, slow push-in on determined grip', 'search_query': 'hands gripping barbell gym', 'source': 'pexels', 'video_url': 'https://videos.pexels.com/video-files/30311697/12994046_540_960_50fps.mp4', 'cutaway_urls': [], 'weight': 365}, {'prompt': 'Medium shot of person standing at edge of cliff overlook, soft morning light, subject takes deep breath and steps forward', 'search_query': 'person cliff edge morning', 'source': 'pexels', 'video_url': 'https://videos.pexels.com/video-files/19184198/19184198-sd_540_960_25fps.mp4', 'cutaway_urls': [], 'weight': 410}, {'prompt': 'Wide aerial shot of winding forest trail leading to sunlit clearing, blue hour transition to daybreak, slow camera rise', 'search_query': 'forest trail sunrise clearing', 'source': 'pexels', 'video_url': 'https://videos.pexels.com/video-files/34655807/14689315_540_960_30fps.mp4', 'cutaway_urls': [], 'weight': 322}], 'ai_engine': 'flux', 'broll_cutaway_interval_s': 12, 'caption_style': 'boxed', 'caption_position': 'bottom', 'user_voiceover_url': 'https://pub-7f7b55fb82f64ee1817e71ff45886b9d.r2.dev/previews/f50971bd-fe7f-4edc-a571-02c50de6e7d5/voiceover.mp3', 'scene_overrides': [], 'auto_freeze_broll': False, 'status': 'complete', 'progress': 100, 'progress_label': 'Done', 'result_url': 'https://pub-7f7b55fb82f64ee1817e71ff45886b9d.r2.dev/renders/459bbef3-fce5-4b2e-a450-c90ef0e2190a/final.mp4', 'error': None, 'estimated_cost_cents': 90, 'actual_cost_cents': 0, 'created_at': '2026-08-12T01:59:52.225621+00:00', 'completed_at': '2026-08-12T02:00:02.155729+00:00', 'updated_at': '2026-08-12T02:00:02.155729+00:00'}&#10;assert False">test_render_voiceover_fix.py:210: in test_render_with_preview_id_reuses_manifest
    final = _poll_render(auth, job_id, max_seconds=240, interval=10)
            ^^^^^^^^^^^^^^^^^^^^^^^^^^^^^^^^^^^^^^^^^^^^^^^^^^^^^^^^
test_render_voiceover_fix.py:74: in _poll_render
    assert False, f"Render {job_id} did not terminate within {max_seconds}s. Last: {last}"
E   AssertionError: Render 459bbef3-fce5-4b2e-a450-c90ef0e2190a did not terminate within 240s. Last: {'id': '459bbef3-fce5-4b2e-a450-c90ef0e2190a', 'user_email': 'drcharitycampbell@gmail.com', 'user_entitlements': ['base', 'shorts', 'studio', 'byok'], 'user_is_admin': True, 'mode': 'faceless', 'aspect': '9_16', 'captions': False, 'script': 'Confidence is a skill you build with small daily reps. Today, pick one thing that scares you a little and do it anyway. That single choice compounds into a life you love.', 'avatar_id': None, 'voice_id': None, 'tts_voice_id': 'af_heart', 'broll_source': 'pexels', 'scenes': [{'prompt': 'Close-up of hands gripping barbell in gym, golden hour light streaming through windows, slow push-in on determined grip', 'search_query': 'hands gripping barbell gym', 'source': 'pexels', 'video_url': 'https://videos.pexels.com/video-files/30311697/12994046_540_960_50fps.mp4', 'cutaway_urls': [], 'weight': 365}, {'prompt': 'Medium shot of person standing at edge of cliff overlook, soft morning light, subject takes deep breath and steps forward', 'search_query': 'person cliff edge morning', 'source': 'pexels', 'video_url': 'https://videos.pexels.com/video-files/19184198/19184198-sd_540_960_25fps.mp4', 'cutaway_urls': [], 'weight': 410}, {'prompt': 'Wide aerial shot of winding forest trail leading to sunlit clearing, blue hour transition to daybreak, slow camera rise', 'search_query': 'forest trail sunrise clearing', 'source': 'pexels', 'video_url': 'https://videos.pexels.com/video-files/34655807/14689315_540_960_30fps.mp4', 'cutaway_urls': [], 'weight': 322}], 'ai_engine': 'flux', 'broll_cutaway_interval_s': 12, 'caption_style': 'boxed', 'caption_position': 'bottom', 'user_voiceover_url': 'https://pub-7f7b55fb82f64ee1817e71ff45886b9d.r2.dev/previews/f50971bd-fe7f-4edc-a571-02c50de6e7d5/voiceover.mp3', 'scene_overrides': [], 'auto_freeze_broll': False, 'status': 'complete', 'progress': 100, 'progress_label': 'Done', 'result_url': 'https://pub-7f7b55fb82f64ee1817e71ff45886b9d.r2.dev/renders/459bbef3-fce5-4b2e-a450-c90ef0e2190a/final.mp4', 'error': None, 'estimated_cost_cents': 90, 'actual_cost_cents': 0, 'created_at': '2026-08-12T01:59:52.225621+00:00', 'completed_at': '2026-08-12T02:00:02.155729+00:00', 'updated_at': '2026-08-12T02:00:02.155729+00:00'}
E   assert False</failure></testcase></testsuite></testsuites>