<?xml version="1.0" encoding="utf-8"?><testsuites name="pytest tests"><testsuite name="pytest" errors="0" failures="0" skipped="0" tests="3" time="289.820" timestamp="2026-06-19T00:19:44.014546+00:00" hostname="agent-env-077efd7d-6947-4238-b6ab-81b7a4345f77"><testcase classname="backend.tests.test_scripts_v18_streaming" name="test_long_script_with_all_toggles_off_omits_sections" time="76.135" /><testcase classname="backend.tests.test_scripts_v18_streaming" name="test_long_script_with_all_toggles_on_includes_sections" time="108.483" /><testcase classname="backend.tests.test_scripts_v18_streaming" name="test_long_script_streams_partial_text" time="105.138" /></testsuite></testsuites>