<?xml version="1.0" encoding="utf-8"?><testsuites name="pytest tests"><testsuite name="pytest" errors="0" failures="0" skipped="0" tests="15" time="8.967" timestamp="2026-06-12T15:50:08.884403+00:00" hostname="agent-env-3efffc74-5bf3-4c96-8d1a-850f2439f9f2"><testcase classname="backend.tests.backend_test" name="test_health" time="0.138" /><testcase classname="backend.tests.backend_test" name="test_auth_check_bypass" time="0.109" /><testcase classname="backend.tests.backend_test" name="test_auth_check_non_bypass_returns_401" time="0.148" /><testcase classname="backend.tests.backend_test" name="test_auth_me_with_token" time="0.207" /><testcase classname="backend.tests.backend_test" name="test_auth_me_without_token" time="0.098" /><testcase classname="backend.tests.backend_test" name="test_studio_avatars" time="0.145" /><testcase classname="backend.tests.backend_test" name="test_studio_voices" time="0.180" /><testcase classname="backend.tests.backend_test" name="test_studio_tts_voices" time="0.098" /><testcase classname="backend.tests.backend_test" name="test_stock_search_pexels" time="0.257" /><testcase classname="backend.tests.backend_test" name="test_stock_search_pixabay" time="0.309" /><testcase classname="backend.tests.backend_test" name="test_render_creates_job" time="0.110" /><testcase classname="backend.tests.backend_test" name="test_render_in_progress_delete_returns_409" time="0.100" /><testcase classname="backend.tests.backend_test" name="test_render_progresses_to_complete" time="6.684" /><testcase classname="backend.tests.backend_test" name="test_history_contains_render" time="0.116" /><testcase classname="backend.tests.backend_test" name="test_delete_completed_render" time="0.202" /></testsuite></testsuites>